<?xml version="1.0" encoding="UTF-8"?>
<!-- Generated by org.testng.reporters.JUnitReportReporter -->
<testsuite hostname="DIN37001631" name="SeleniumTestDemo.selenium.devops.AppTest" tests="1" failures="0" timestamp="22 Aug 2016 11:36:55 GMT" time="7.075" errors="0">
  <testcase name="testTitle" time="7.075" classname="SeleniumTestDemo.selenium.devops.AppTest"/>
</testsuite> <!-- SeleniumTestDemo.selenium.devops.AppTest -->
